0 info it worked if it ends with ok
1 verbose cli [ '/usr/local/Cellar/node/5.1.0/bin/node',
1 verbose cli   '/usr/local/bin/npm',
1 verbose cli   'install',
1 verbose cli   '--save',
1 verbose cli   'node-bleacon' ]
2 info using npm@2.14.2
3 info using node@v5.1.0
4 verbose install initial load of /Users/ianzhang/MakerSquare/Artemis/react-native-android/iBeaconList/package.json
5 verbose installManyTop reading scoped package data from /Users/ianzhang/MakerSquare/Artemis/react-native-android/iBeaconList/node_modules/bleacon/package.json
6 verbose installManyTop reading scoped package data from /Users/ianzhang/MakerSquare/Artemis/react-native-android/iBeaconList/node_modules/noble/package.json
7 verbose readDependencies loading dependencies from /Users/ianzhang/MakerSquare/Artemis/react-native-android/iBeaconList/package.json
8 silly cache add args [ 'node-bleacon', null ]
9 verbose cache add spec node-bleacon
10 silly cache add parsed spec Result {
10 silly cache add   raw: 'node-bleacon',
10 silly cache add   scope: null,
10 silly cache add   name: 'node-bleacon',
10 silly cache add   rawSpec: '',
10 silly cache add   spec: '*',
10 silly cache add   type: 'range' }
11 silly addNamed node-bleacon@*
12 verbose addNamed "*" is a valid semver range for node-bleacon
13 silly addNameRange { name: 'node-bleacon', range: '*', hasData: false }
14 silly mapToRegistry name node-bleacon
15 silly mapToRegistry using default registry
16 silly mapToRegistry registry https://registry.npmjs.org/
17 silly mapToRegistry uri https://registry.npmjs.org/node-bleacon
18 verbose addNameRange registry:https://registry.npmjs.org/node-bleacon not in flight; fetching
19 verbose request uri https://registry.npmjs.org/node-bleacon
20 verbose request no auth needed
21 info attempt registry request try #1 at 3:43:08 PM
22 verbose request id 0525237a780c1a45
23 http request GET https://registry.npmjs.org/node-bleacon
24 http 404 https://registry.npmjs.org/node-bleacon
25 verbose headers { 'content-type': 'application/json',
25 verbose headers   'cache-control': 'max-age=0',
25 verbose headers   'content-length': '2',
25 verbose headers   'accept-ranges': 'bytes',
25 verbose headers   date: 'Sun, 03 Jan 2016 23:42:51 GMT',
25 verbose headers   via: '1.1 varnish',
25 verbose headers   age: '0',
25 verbose headers   connection: 'keep-alive',
25 verbose headers   'x-served-by': 'cache-sjc3131-SJC',
25 verbose headers   'x-cache': 'MISS',
25 verbose headers   'x-cache-hits': '0',
25 verbose headers   'x-timer': 'S1451864570.981763,VS0,VE40' }
26 silly get cb [ 404,
26 silly get   { 'content-type': 'application/json',
26 silly get     'cache-control': 'max-age=0',
26 silly get     'content-length': '2',
26 silly get     'accept-ranges': 'bytes',
26 silly get     date: 'Sun, 03 Jan 2016 23:42:51 GMT',
26 silly get     via: '1.1 varnish',
26 silly get     age: '0',
26 silly get     connection: 'keep-alive',
26 silly get     'x-served-by': 'cache-sjc3131-SJC',
26 silly get     'x-cache': 'MISS',
26 silly get     'x-cache-hits': '0',
26 silly get     'x-timer': 'S1451864570.981763,VS0,VE40' } ]
27 verbose stack Error: Registry returned 404 for GET on https://registry.npmjs.org/node-bleacon
27 verbose stack     at makeError (/usr/local/lib/node_modules/npm/node_modules/npm-registry-client/lib/request.js:263:12)
27 verbose stack     at CachingRegistryClient.<anonymous> (/usr/local/lib/node_modules/npm/node_modules/npm-registry-client/lib/request.js:241:14)
27 verbose stack     at Request._callback (/usr/local/lib/node_modules/npm/node_modules/npm-registry-client/lib/request.js:171:14)
27 verbose stack     at Request.self.callback (/usr/local/lib/node_modules/npm/node_modules/request/request.js:198:22)
27 verbose stack     at emitTwo (events.js:87:13)
27 verbose stack     at Request.emit (events.js:172:7)
27 verbose stack     at Request.<anonymous> (/usr/local/lib/node_modules/npm/node_modules/request/request.js:1073:14)
27 verbose stack     at emitOne (events.js:82:20)
27 verbose stack     at Request.emit (events.js:169:7)
27 verbose stack     at IncomingMessage.<anonymous> (/usr/local/lib/node_modules/npm/node_modules/request/request.js:1019:12)
28 verbose statusCode 404
29 verbose pkgid node-bleacon
30 verbose cwd /Users/ianzhang/MakerSquare/Artemis/react-native-android/iBeaconList
31 error Darwin 14.5.0
32 error argv "/usr/local/Cellar/node/5.1.0/bin/node" "/usr/local/bin/npm" "install" "--save" "node-bleacon"
33 error node v5.1.0
34 error npm  v2.14.2
35 error code E404
36 error 404 Registry returned 404 for GET on https://registry.npmjs.org/node-bleacon
36 error 404
36 error 404 'node-bleacon' is not in the npm registry.
36 error 404 You should bug the author to publish it (or use the name yourself!)
36 error 404 It was specified as a dependency of 'list-beacons'
36 error 404
36 error 404 Note that you can also install from a
36 error 404 tarball, folder, http url, or git url.
37 verbose exit [ 1, true ]
